<?xml version="1.0" encoding="UTF-8"?>
<testsuite xmlns:xsi="http://www.w3.org/2001/XMLSchema-instance" xsi:noNamespaceSchemaLocation="https://maven.apache.org/surefire/maven-surefire-plugin/xsd/surefire-test-report.xsd" version="3.0.2" name="Delivery_Replication.Delivery_Replication.DeliveryReplicationApplicationTests" time="13.869" tests="1" errors="0" skipped="0" failures="0">
  <properties>
[...]
</properties>
  <testcase name="contextLoads" classname="Delivery_Replication.Delivery_Replication.DeliveryReplicationApplicationTests" time="1.071">
    <system-out><![CDATA[10:03:32.803 [main] INFO org.springframework.test.context.support.AnnotationConfigContextLoaderUtils -- Could not detect default configuration classes for test class [Delivery_Replication.Delivery_Replication.DeliveryReplicationApplicationTests]: DeliveryReplicationApplicationTests does not declare any static, non-private, non-final, nested classes annotated with @Configuration.
10:03:33.118 [main] INFO org.springframework.boot.test.context.SpringBootTestContextBootstrapper -- Found @SpringBootConfiguration Delivery_Replication.Delivery_Replication.DeliveryReplicationApplication for test class Delivery_Replication.Delivery_Replication.DeliveryReplicationApplicationTests

  .   ____          _            __ _ _
 /\\ / ___'_ __ _ _(_)_ __  __ _ \ \ \ \
( ( )\___ | '_ | '_| | '_ \/ _` | \ \ \ \
 \\/  ___)| |_)| | | | | || (_| |  ) ) ) )
  '  |____| .__|_| |_|_| |_\__, | / / / /
 =========|_|==============|___/=/_/_/_/

 :: Spring Boot ::                (v3.4.4)

2025-04-11T10:03:34.012+05:30  INFO 3796 --- [Delivery-Replication] [           main] D.D.DeliveryReplicationApplicationTests  : Starting DeliveryReplicationApplicationTests using Java 21.0.5 with PID 3796 (started by Savindu in E:\SE3020_Y3_DS_Food_Delivery_Project\SE3020_Y3_DS_Food_Delivery_Project\Delivery_Replication)
2025-04-11T10:03:34.012+05:30  INFO 3796 --- [Delivery-Replication] [           main] D.D.DeliveryReplicationApplicationTests  : No active profile set, falling back to 1 default profile: "default"
2025-04-11T10:03:35.136+05:30  INFO 3796 --- [Delivery-Replication] [           main] .s.d.r.c.RepositoryConfigurationDelegate : Bootstrapping Spring Data MongoDB repositories in DEFAULT mode.
2025-04-11T10:03:35.251+05:30  INFO 3796 --- [Delivery-Replication] [           main] .s.d.r.c.RepositoryConfigurationDelegate : Finished Spring Data repository scanning in 93 ms. Found 1 MongoDB repository interface.
2025-04-11T10:03:35.588+05:30  INFO 3796 --- [Delivery-Replication] [           main] org.testcontainers.images.PullPolicy     : Image pull policy will be performed by: DefaultPullPolicy()
2025-04-11T10:03:35.590+05:30  INFO 3796 --- [Delivery-Replication] [           main] o.t.utility.ImageNameSubstitutor         : Image name substitution will be performed by: DefaultImageNameSubstitutor (composite of 'ConfigurationFileImageNameSubstitutor' and 'PrefixingImageNameSubstitutor')
2025-04-11T10:03:35.670+05:30  INFO 3796 --- [Delivery-Replication] [           main] org.testcontainers.DockerClientFactory   : Testcontainers version: 1.20.6
2025-04-11T10:03:36.156+05:30  INFO 3796 --- [Delivery-Replication] [           main] o.t.d.DockerClientProviderStrategy       : Loaded org.testcontainers.dockerclient.NpipeSocketClientProviderStrategy from ~/.testcontainers.properties, will try it first
2025-04-11T10:03:36.632+05:30  INFO 3796 --- [Delivery-Replication] [           main] o.t.d.DockerClientProviderStrategy       : Found Docker environment with local Npipe socket (npipe:////./pipe/docker_engine)
2025-04-11T10:03:36.632+05:30  INFO 3796 --- [Delivery-Replication] [           main] org.testcontainers.DockerClientFactory   : Docker host IP address is localhost
2025-04-11T10:03:36.669+05:30  INFO 3796 --- [Delivery-Replication] [           main] org.testcontainers.DockerClientFactory   : Connected to docker: 
  Server Version: 27.3.1
  API Version: 1.47
  Operating System: Docker Desktop
  Total Memory: 6892 MB
  Labels: 
    com.docker.desktop.address=npipe://\\.\pipe\docker_cli
2025-04-11T10:03:36.842+05:30  INFO 3796 --- [Delivery-Replication] [           main] tc.testcontainers/ryuk:0.11.0            : Creating container for image: testcontainers/ryuk:0.11.0
2025-04-11T10:03:37.009+05:30  INFO 3796 --- [Delivery-Replication] [           main] o.t.utility.RegistryAuthLocator          : Credential helper/store (docker-credential-desktop) does not have credentials for https://index.docker.io/v1/
2025-04-11T10:03:37.501+05:30  INFO 3796 --- [Delivery-Replication] [           main] tc.testcontainers/ryuk:0.11.0            : Container testcontainers/ryuk:0.11.0 is starting: 09802b0f6e6b316ac9686e1e0192061aa422315c2a7754e5711087fd72c3ac8e
2025-04-11T10:03:38.537+05:30  INFO 3796 --- [Delivery-Replication] [           main] tc.testcontainers/ryuk:0.11.0            : Container testcontainers/ryuk:0.11.0 started in PT1.6953898S
2025-04-11T10:03:38.557+05:30  INFO 3796 --- [Delivery-Replication] [           main] o.t.utility.RyukResourceReaper           : Ryuk started - will monitor and terminate Testcontainers containers on JVM exit
2025-04-11T10:03:38.557+05:30  INFO 3796 --- [Delivery-Replication] [           main] org.testcontainers.DockerClientFactory   : Checking the system...
2025-04-11T10:03:38.558+05:30  INFO 3796 --- [Delivery-Replication] [           main] org.testcontainers.DockerClientFactory   : ✔︎ Docker server version should be at least 1.6.0
2025-04-11T10:03:38.559+05:30  INFO 3796 --- [Delivery-Replication] [           main] tc.mongo:latest                          : Creating container for image: mongo:latest
2025-04-11T10:03:38.809+05:30  INFO 3796 --- [Delivery-Replication] [           main] tc.mongo:latest                          : Container mongo:latest is starting: 44752345c3fcefac36557abcafa7cd0d27ecf4b3031a4c699db3f62306074a6c
2025-04-11T10:03:41.506+05:30  INFO 3796 --- [Delivery-Replication] [           main] tc.mongo:latest                          : Container mongo:latest started in PT2.9464541S
2025-04-11T10:03:43.793+05:30  INFO 3796 --- [Delivery-Replication] [           main] org.mongodb.driver.client                : MongoClient with metadata {"driver": {"name": "mongo-java-driver|sync|spring-boot", "version": "5.2.1"}, "os": {"type": "Windows", "name": "Windows 11", "architecture": "amd64", "version": "10.0"}, "platform": "Java/Oracle Corporation/21.0.5+9-LTS-239"} created with settings MongoClientSettings{readPreference=primary, writeConcern=WriteConcern{w=null, wTimeout=null ms, journal=null}, retryWrites=true, retryReads=true, readConcern=ReadConcern{level=null}, credential=null, transportSettings=null, commandListeners=[], codecRegistry=ProvidersCodecRegistry{codecProviders=[ValueCodecProvider{}, BsonValueCodecProvider{}, DBRefCodecProvider{}, DBObjectCodecProvider{}, DocumentCodecProvider{}, CollectionCodecProvider{}, IterableCodecProvider{}, MapCodecProvider{}, GeoJsonCodecProvider{}, GridFSFileCodecProvider{}, Jsr310CodecProvider{}, JsonObjectCodecProvider{}, BsonCodecProvider{}, EnumCodecProvider{}, com.mongodb.client.model.mql.ExpressionCodecProvider@34fcd292, com.mongodb.Jep395RecordCodecProvider@63db743d, com.mongodb.KotlinCodecProvider@496cedbb]}, loggerSettings=LoggerSettings{maxDocumentLength=1000}, clusterSettings={hosts=[localhost:2032], srvServiceName=mongodb, mode=SINGLE, requiredClusterType=UNKNOWN, requiredReplicaSetName='null', serverSelector='null', clusterListeners='[]', serverSelectionTimeout='30000 ms', localThreshold='15 ms'}, socketSettings=SocketSettings{connectTimeoutMS=10000, readTimeoutMS=0, receiveBufferSize=0, proxySettings=ProxySettings{host=null, port=null, username=null, password=null}}, heartbeatSocketSettings=SocketSettings{connectTimeoutMS=10000, readTimeoutMS=10000, receiveBufferSize=0, proxySettings=ProxySettings{host=null, port=null, username=null, password=null}}, connectionPoolSettings=ConnectionPoolSettings{maxSize=100, minSize=0, maxWaitTimeMS=120000, maxConnectionLifeTimeMS=0, maxConnectionIdleTimeMS=0, maintenanceInitialDelayMS=0, maintenanceFrequencyMS=60000, connectionPoolListeners=[], maxConnecting=2}, serverSettings=ServerSettings{heartbeatFrequencyMS=10000, minHeartbeatFrequencyMS=500, serverMonitoringMode=AUTO, serverListeners='[]', serverMonitorListeners='[]'}, sslSettings=SslSettings{enabled=false, invalidHostNameAllowed=false, context=null}, applicationName='null', compressorList=[], uuidRepresentation=JAVA_LEGACY, serverApi=null, autoEncryptionSettings=null, dnsClient=null, inetAddressResolver=null, contextProvider=null, timeoutMS=null}
2025-04-11T10:03:43.836+05:30  INFO 3796 --- [Delivery-Replication] [-localhost:2032] org.mongodb.driver.cluster               : Monitor thread successfully connected to server with description ServerDescription{address=localhost:2032, type=REPLICA_SET_PRIMARY, cryptd=false, state=CONNECTED, ok=true, minWireVersion=0, maxWireVersion=25, maxDocumentSize=16777216, logicalSessionTimeoutMinutes=30, roundTripTimeNanos=48435600, minRoundTripTimeNanos=0, setName='docker-rs', canonicalAddress=44752345c3fc:27017, hosts=[44752345c3fc:27017], passives=[], arbiters=[], primary='44752345c3fc:27017', tagSet=TagSet{[]}, electionId=7fffffff0000000000000001, setVersion=1, topologyVersion=TopologyVersion{processId=67f89ba43afca2967558127b, counter=6}, lastWriteDate=Fri Apr 11 10:03:43 IST 2025, lastUpdateTimeNanos=1952764933900}
2025-04-11T10:03:45.307+05:30  INFO 3796 --- [Delivery-Replication] [           main] D.D.DeliveryReplicationApplicationTests  : Started DeliveryReplicationApplicationTests in 11.89 seconds (process running for 13.668)
]]></system-out>
    <system-err><![CDATA[Mockito is currently self-attaching to enable the inline-mock-maker. This will no longer work in future releases of the JDK. Please add Mockito as an agent to your build what is described in Mockito's documentation: https://javadoc.io/doc/org.mockito/mockito-core/latest/org/mockito/Mockito.html#0.3
WARNING: A Java agent has been loaded dynamically (C:\Users\Savindu\.m2\repository\net\bytebuddy\byte-buddy-agent\1.15.11\byte-buddy-agent-1.15.11.jar)
WARNING: If a serviceability tool is in use, please run with -XX:+EnableDynamicAgentLoading to hide this warning
WARNING: If a serviceability tool is not in use, please run with -Djdk.instrument.traceUsage for more information
WARNING: Dynamic loading of agents will be disallowed by default in a future release
]]></system-err>
  </testcase>
</testsuite>